Determining if the pthread_create exist failed with the following output:
Change Dir: /home/hjk/zzw/sdx_aruco/cat/build/CMakeFiles/CMakeTmp

Run Build Command:"/usr/bin/make" "cmTC_3c529/fast"
/usr/bin/make -f CMakeFiles/cmTC_3c529.dir/build.make CMakeFiles/cmTC_3c529.dir/build
make[1]: Entering directory '/home/hjk/zzw/sdx_aruco/cat/build/CMakeFiles/CMakeTmp'
Building C object CMakeFiles/cmTC_3c529.dir/CheckSymbolExists.c.o
/usr/bin/cc    -o CMakeFiles/cmTC_3c529.dir/CheckSymbolExists.c.o   -c /home/hjk/zzw/sdx_aruco/cat/build/CMakeFiles/CMakeTmp/CheckSymbolExists.c
Linking C executable cmTC_3c529
/usr/bin/cmake -E cmake_link_script CMakeFiles/cmTC_3c529.dir/link.txt --verbose=1
/usr/bin/cc      -rdynamic CMakeFiles/cmTC_3c529.dir/CheckSymbolExists.c.o  -o cmTC_3c529 
CMakeFiles/cmTC_3c529.dir/CheckSymbolExists.c.o: In function `main':
CheckSymbolExists.c:(.text+0x1b): undefined reference to `pthread_create'
collect2: error: ld returned 1 exit status
CMakeFiles/cmTC_3c529.dir/build.make:97: recipe for target 'cmTC_3c529' failed
make[1]: *** [cmTC_3c529] Error 1
make[1]: Leaving directory '/home/hjk/zzw/sdx_aruco/cat/build/CMakeFiles/CMakeTmp'
Makefile:126: recipe for target 'cmTC_3c529/fast' failed
make: *** [cmTC_3c529/fast] Error 2

File /home/hjk/zzw/sdx_aruco/cat/build/CMakeFiles/CMakeTmp/CheckSymbolExists.c:
/* */
#include <pthread.h>

int main(int argc, char** argv)
{
  (void)argv;
#ifndef pthread_create
  return ((int*)(&pthread_create))[argc];
#else
  (void)argc;
  return 0;
#endif
}

Determining if the function pthread_create exists in the pthreads failed with the following output:
Change Dir: /home/hjk/zzw/sdx_aruco/cat/build/CMakeFiles/CMakeTmp

Run Build Command:"/usr/bin/make" "cmTC_8eca3/fast"
/usr/bin/make -f CMakeFiles/cmTC_8eca3.dir/build.make CMakeFiles/cmTC_8eca3.dir/build
make[1]: Entering directory '/home/hjk/zzw/sdx_aruco/cat/build/CMakeFiles/CMakeTmp'
Building C object CMakeFiles/cmTC_8eca3.dir/CheckFunctionExists.c.o
/usr/bin/cc   -DCHECK_FUNCTION_EXISTS=pthread_create   -o CMakeFiles/cmTC_8eca3.dir/CheckFunctionExists.c.o   -c /usr/share/cmake-3.10/Modules/CheckFunctionExists.c
Linking C executable cmTC_8eca3
/usr/bin/cmake -E cmake_link_script CMakeFiles/cmTC_8eca3.dir/link.txt --verbose=1
/usr/bin/cc  -DCHECK_FUNCTION_EXISTS=pthread_create    -rdynamic CMakeFiles/cmTC_8eca3.dir/CheckFunctionExists.c.o  -o cmTC_8eca3 -lpthreads 
/usr/bin/ld: cannot find -lpthreads
collect2: error: ld returned 1 exit status
CMakeFiles/cmTC_8eca3.dir/build.make:97: recipe for target 'cmTC_8eca3' failed
make[1]: *** [cmTC_8eca3] Error 1
make[1]: Leaving directory '/home/hjk/zzw/sdx_aruco/cat/build/CMakeFiles/CMakeTmp'
Makefile:126: recipe for target 'cmTC_8eca3/fast' failed
make: *** [cmTC_8eca3/fast] Error 2


